Information: Configuration: Carbide 3D (Grbl)
Information: Vendor: Carbide 3D
Information: Posting intermediate data to 'C:\Users\Samuelsen Data 4\Documents\Upgraded Experiment Rig\CNC\AluminumFaceplateQuarterInch.nc.failed'
Information: Total number of warnings: 1
Error: Failed to post process. See below for details.
...
Loading locale from 'C:\Program Files\Autodesk\HSMWorks 2024\locales\english_us.xml'
Code page changed to '1252  (ANSI - Latin I)'
Start time: Tuesday, June 20, 2023 5:11:35 PM
Code page changed to '20127 (US-ASCII)'
Post processor engine: 4.5940.0
Configuration path: C:\Program Files\Autodesk\HSMWorks 2024\posts\carbide3d.cps
Include paths: C:\Program Files\Autodesk\HSMWorks 2024\posts
Configuration modification date: Friday, March 3, 2023 11:25:44 AM
Output path: C:\Users\Samuelsen Data 4\Documents\Upgraded Experiment Rig\CNC\AluminumFaceplateQuarterInch.nc.failed
Checksum of intermediate NC data: 08cb354c3359d5ca03b3b34cd33dd1cb
Checksum of configuration: c5a7a4a9972d36360ec3f341b8468baf
Vendor url: http://www.carbide3d.com
Legal: Copyright (C) 2012-2022 by Autodesk, Inc.
Generated by: HSMWorks 2024 R0.44173
...
Warning: Work offset has not been specified. Using G54

###############################################################################
Error: Radius compensation mode is not supported.
Error at line: 512
Error in operation: '2D Contour1'
Failed while processing onLinear() for record 5770.
###############################################################################

Error: Failed to execute configuration.
Stop time: Tuesday, June 20, 2023 5:11:35 PM
Post processing failed.
