\BOOKMARK [1][-]{section.1}{\376\377\000I\000n\000t\000r\000o\000d\000u\000c\000t\000i\000o\000n}{}% 1
\BOOKMARK [1][-]{section.2}{\376\377\000I\000n\000s\000t\000a\000l\000l\000i\000n\000g\000\040\000t\000h\000e\000\040\000S\000o\000f\000t\000w\000a\000r\000e}{}% 2
\BOOKMARK [1][-]{section.3}{\376\377\000T\000h\000e\000\040\000M\000a\000i\000n\000\040\000C\000o\000n\000t\000r\000o\000l\000\040\000W\000i\000n\000d\000o\000w}{}% 3
\BOOKMARK [2][-]{subsection.3.1}{\376\377\000R\000o\000w\000\040\0001\000\040\000-\000\040\000S\000t\000a\000r\000t\000\040\000a\000n\000d\000\040\000R\000e\000s\000e\000t}{section.3}% 4
\BOOKMARK [3][-]{subsubsection.3.1.1}{\376\377\000S\000t\000a\000r\000t\000\040\000a\000n\000d\000\040\000S\000t\000o\000p\000\040\000\050\000a\000n\000\040\000E\000x\000p\000e\000r\000i\000m\000e\000n\000t\000\051}{subsection.3.1}% 5
\BOOKMARK [3][-]{subsubsection.3.1.2}{\376\377\000R\000e\000s\000e\000t\000\040\000\050\000P\000r\000e\000p\000a\000r\000i\000n\000g\000\040\000f\000o\000r\000\040\000a\000\040\000N\000e\000w\000\040\000E\000x\000p\000e\000r\000i\000m\000e\000n\000t\000\051}{subsection.3.1}% 6
\BOOKMARK [2][-]{subsection.3.2}{\376\377\000R\000o\000w\000\040\0002\000\040\000-\000\040\000P\000r\000o\000g\000r\000a\000m\000\040\000T\000i\000m\000e\000r\000s}{section.3}% 7
\BOOKMARK [3][-]{subsubsection.3.2.1}{\376\377\000T\000i\000m\000e\000\040\000E\000l\000a\000p\000s\000e\000d}{subsection.3.2}% 8
\BOOKMARK [3][-]{subsubsection.3.2.2}{\376\377\000S\000t\000a\000t\000e\000\040\000T\000i\000m\000e}{subsection.3.2}% 9
\BOOKMARK [3][-]{subsubsection.3.2.3}{\376\377\000M\000a\000x\000i\000m\000u\000m\000\040\000T\000o\000t\000a\000l\000\040\000T\000i\000m\000e}{subsection.3.2}% 10
\BOOKMARK [2][-]{subsection.3.3}{\376\377\000R\000o\000w\000\040\0003\000\040\000-\000\040\000S\000t\000a\000t\000u\000s\000\040\000I\000n\000d\000i\000c\000a\000t\000o\000r\000s}{section.3}% 11
\BOOKMARK [2][-]{subsection.3.4}{\376\377\000R\000o\000w\000\040\0004\000\040\000-\000\040\000C\000o\000n\000f\000i\000g\000u\000r\000i\000n\000g\000\040\000t\000h\000e\000\040\000E\000x\000p\000e\000r\000i\000m\000e\000n\000t}{section.3}% 12
\BOOKMARK [3][-]{subsubsection.3.4.1}{\376\377\000C\000h\000a\000n\000g\000i\000n\000g\000\040\000D\000e\000f\000a\000u\000l\000t\000\040\000V\000a\000l\000u\000e\000s}{subsection.3.4}% 13
\BOOKMARK [2][-]{subsection.3.5}{\376\377\000R\000o\000w\000\040\0005\000\040\000-\000\040\000A\000c\000c\000e\000s\000s\000i\000n\000g\000\040\000O\000t\000h\000e\000r\000\040\000C\000o\000n\000t\000r\000o\000l\000\040\000W\000i\000n\000d\000o\000w\000s}{section.3}% 14
\BOOKMARK [1][-]{section.4}{\376\377\000`\000V\000a\000l\000v\000e\000\040\000T\000e\000s\000t\000i\000n\000g\000\040\000/\000\040\000P\000r\000i\000m\000e\000\040\000V\000a\000l\000v\000e\000s\000'\000\040\000W\000i\000n\000d\000o\000w}{}% 15
\BOOKMARK [2][-]{subsection.4.1}{\376\377\000V\000a\000l\000v\000e\000\040\000O\000p\000e\000n\000\040\000D\000u\000r\000a\000t\000i\000o\000n\000\040\000C\000a\000l\000i\000b\000r\000a\000t\000i\000o\000n\000\040\000\050\000R\000u\000n\000n\000i\000n\000g\000\040\000a\000\040\000V\000a\000l\000v\000e\000\040\000T\000e\000s\000t\000\051}{section.4}% 16
\BOOKMARK [2][-]{subsection.4.2}{\376\377\000M\000a\000n\000u\000a\000l\000\040\000V\000a\000l\000v\000e\000\040\000D\000u\000r\000a\000t\000i\000o\000n\000\040\000A\000d\000j\000u\000s\000t\000m\000e\000n\000t\000\040\000/\000\040\000D\000u\000r\000a\000t\000i\000o\000n\000\040\000P\000r\000o\000f\000i\000l\000e\000s}{section.4}% 17
\BOOKMARK [3][-]{subsubsection.4.2.1}{\376\377\000W\000h\000y\000\040\000w\000a\000s\000\040\000t\000h\000i\000s\000\040\000N\000e\000c\000e\000s\000s\000a\000r\000y\000?}{subsection.4.2}% 18
\BOOKMARK [3][-]{subsubsection.4.2.2}{\376\377\000O\000k\000a\000y\000,\000\040\000H\000o\000w\000\040\000d\000o\000\040\000I\000\040\000d\000o\000\040\000i\000t\000?\000\040\000\050\000S\000e\000t\000t\000i\000n\000g\000\040\000V\000a\000l\000v\000e\000\040\000D\000u\000r\000a\000t\000i\000o\000n\000\040\000P\000r\000o\000f\000i\000l\000e\000s\000\051}{subsection.4.2}% 19
\BOOKMARK [2][-]{subsection.4.3}{\376\377\000V\000a\000l\000v\000e\000\040\000P\000r\000i\000m\000i\000n\000g}{section.4}% 20
\BOOKMARK [3][-]{subsubsection.4.3.1}{\376\377\000W\000h\000y\000\040\000i\000s\000\040\000t\000h\000i\000s\000\040\000U\000s\000e\000f\000u\000l\000?}{subsection.4.3}% 21
\BOOKMARK [3][-]{subsubsection.4.3.2}{\376\377\000O\000k\000a\000y\000,\000\040\000H\000o\000w\000\040\000d\000o\000\040\000I\000\040\000d\000o\000\040\000i\000t\000?\000\040\000\050\000P\000r\000i\000m\000i\000n\000g\000\040\000V\000a\000l\000v\000e\000s\000\051}{subsection.4.3}% 22
\BOOKMARK [1][-]{section.5}{\376\377\000T\000h\000e\000\040\000`\000V\000a\000l\000v\000e\000\040\000C\000o\000n\000t\000r\000o\000l\000'\000\040\000W\000i\000n\000d\000o\000w}{}% 23
\BOOKMARK [2][-]{subsection.5.1}{\376\377\000W\000h\000a\000t\000\040\000d\000o\000e\000s\000\040\000t\000h\000i\000s\000\040\000W\000i\000n\000d\000o\000w\000\040\000d\000o\000?}{section.5}% 24
\BOOKMARK [2][-]{subsection.5.2}{\376\377\000C\000o\000n\000t\000r\000o\000l\000l\000i\000n\000g\000\040\000t\000h\000e\000\040\000V\000a\000l\000v\000e\000s}{section.5}% 25
\BOOKMARK [2][-]{subsection.5.3}{\376\377\000C\000o\000n\000t\000r\000o\000l\000l\000i\000n\000g\000\040\000t\000h\000e\000\040\000D\000o\000o\000r\000\040\000M\000o\000t\000o\000r}{section.5}% 26
\BOOKMARK [1][-]{section.6}{\376\377\000T\000h\000e\000\040\000`\000P\000r\000o\000g\000r\000a\000m\000\040\000S\000c\000h\000e\000d\000u\000l\000e\000'\000\040\000W\000i\000n\000d\000o\000w}{}% 27
\BOOKMARK [2][-]{subsection.6.1}{\376\377\000W\000h\000a\000t\000\040\000d\000o\000e\000s\000\040\000t\000h\000i\000s\000\040\000W\000i\000n\000d\000o\000w\000\040\000d\000o\000?}{section.6}% 28
\BOOKMARK [2][-]{subsection.6.2}{\376\377\000T\000h\000i\000s\000\040\000W\000i\000n\000d\000o\000w\000\040\000w\000o\000n\000'\000t\000\040\000O\000p\000e\000n\000\040\000d\000u\000e\000\040\000t\000o\000\040\000E\000r\000r\000o\000r\000.\000.\000.\000\040\000W\000h\000y\000?\000\040\000\050\000E\000x\000p\000e\000r\000i\000m\000e\000n\000t\000\040\000S\000c\000h\000e\000d\000u\000l\000e\000\040\000E\000r\000r\000o\000r\000\051}{section.6}% 29
\BOOKMARK [2][-]{subsection.6.3}{\376\377\000W\000h\000a\000t\000\040\000d\000o\000\040\000A\000l\000l\000\040\000t\000h\000e\000s\000e\000\040\000F\000i\000e\000l\000d\000s\000\040\000M\000e\000a\000n\000?}{section.6}% 30
\BOOKMARK [1][-]{section.7}{\376\377\000T\000h\000e\000\040\000`\000V\000a\000l\000v\000e\000\040\000/\000\040\000S\000t\000i\000m\000u\000l\000i\000'\000\040\000W\000i\000n\000d\000o\000w}{}% 31
\BOOKMARK [2][-]{subsection.7.1}{\376\377\000W\000h\000a\000t\000\040\000D\000o\000e\000s\000\040\000t\000h\000i\000s\000\040\000W\000i\000n\000d\000o\000w\000\040\000D\000o\000?}{section.7}% 32
\BOOKMARK [2][-]{subsection.7.2}{\376\377\000H\000o\000w\000\040\000D\000o\000\040\000I\000\040\000U\000s\000e\000\040\000t\000h\000i\000s\000\040\000W\000i\000n\000d\000o\000w\000?\000\040\000\050\000G\000e\000n\000e\000r\000a\000t\000i\000n\000g\000\040\000a\000n\000\040\000E\000x\000p\000e\000r\000i\000m\000e\000n\000t\000\040\000S\000c\000h\000e\000d\000u\000l\000e\000\051}{section.7}% 33
\BOOKMARK [1][-]{section.8}{\376\377\000T\000h\000e\000\040\000`\000E\000v\000e\000n\000t\000\040\000D\000a\000t\000a\000'\000\040\000W\000i\000n\000d\000o\000w}{}% 34
\BOOKMARK [2][-]{subsection.8.1}{\376\377\000D\000e\000t\000a\000i\000l\000e\000d\000\040\000C\000o\000l\000u\000m\000n\000\040\000B\000r\000e\000a\000k\000d\000o\000w\000n}{section.8}% 35
\BOOKMARK [1][-]{section.9}{\376\377\000T\000h\000e\000\040\000`\000R\000a\000s\000t\000e\000r\000i\000z\000e\000d\000\040\000D\000a\000t\000a\000'\000\040\000W\000i\000n\000d\000o\000w}{}% 36
