\BOOKMARK [1][-]{section.1}{\376\377\000S\000o\000u\000r\000c\000i\000n\000g\000\040\000a\000\040\000P\000a\000r\000t\000\040\000F\000i\000l\000e\000\040\000\050\000F\000i\000n\000d\000i\000n\000g\000\040\000t\000h\000e\000\040\000F\000i\000l\000e\000\040\000t\000o\000\040\000C\000u\000t\000\040\000a\000\040\000S\000h\000a\000p\000e\000\051}{}% 1
\BOOKMARK [2][-]{subsection.1.1}{\376\377\000T\000h\000e\000\040\000E\000n\000d\000\040\000G\000o\000a\000l}{section.1}% 2
\BOOKMARK [2][-]{subsection.1.2}{\376\377\000W\000h\000a\000t\000\040\000i\000s\000\040\000a\000\040\000P\000a\000r\000t\000\040\000F\000i\000l\000e\000?}{section.1}% 3
\BOOKMARK [2][-]{subsection.1.3}{\376\377\000W\000h\000e\000r\000e\000\040\000d\000o\000\040\000P\000a\000r\000t\000\040\000F\000i\000l\000e\000s\000\040\000C\000o\000m\000e\000\040\000F\000r\000o\000m\000?}{section.1}% 4
\BOOKMARK [2][-]{subsection.1.4}{\376\377\000O\000b\000t\000a\000i\000n\000i\000n\000g\000\040\000t\000h\000e\000\040\000D\000X\000F\000\040\000F\000i\000l\000e}{section.1}% 5
\BOOKMARK [3][-]{subsubsection.1.4.1}{\376\377\000O\000b\000t\000a\000i\000n\000i\000n\000g\000\040\000t\000h\000e\000\040\000D\000X\000F\000\040\000F\000i\000l\000e\000\040\000f\000r\000o\000m\000\040\000S\000o\000l\000i\000d\000w\000o\000r\000k\000s}{subsection.1.4}% 6
\BOOKMARK [3][-]{subsubsection.1.4.2}{\376\377\000O\000b\000t\000a\000i\000n\000i\000n\000g\000\040\000t\000h\000e\000\040\000D\000X\000F\000\040\000F\000i\000l\000e\000\040\000f\000r\000o\000m\000\040\000F\000u\000s\000i\000o\000n\0003\0006\0000}{subsection.1.4}% 7
\BOOKMARK [1][-]{section.2}{\376\377\000C\000r\000e\000a\000t\000i\000n\000g\000\040\000a\000\040\000T\000o\000o\000l\000p\000a\000t\000h\000\040\000\050\000M\000a\000k\000i\000n\000g\000\040\000a\000\040\000C\0002\000D\000\040\000F\000i\000l\000e\000\051}{}% 8
\BOOKMARK [2][-]{subsection.2.1}{\376\377\000W\000h\000a\000t\000\040\000i\000s\000\040\000a\000\040\000T\000o\000o\000l\000p\000a\000t\000h\000?}{section.2}% 9
\BOOKMARK [2][-]{subsection.2.2}{\376\377\000W\000h\000a\000t\000\040\000T\000o\000o\000l\000s\000\040\000w\000i\000l\000l\000\040\000I\000\040\000U\000s\000e\000?}{section.2}% 10
\BOOKMARK [2][-]{subsection.2.3}{\376\377\000V\000e\000r\000i\000f\000y\000i\000n\000g\000\040\000T\000o\000o\000l\000p\000a\000t\000h\000s}{section.2}% 11
\BOOKMARK [2][-]{subsection.2.4}{\376\377\000M\000o\000d\000i\000f\000y\000i\000n\000g\000\040\000A\000l\000u\000m\000i\000n\000u\000m\000\040\000T\000o\000o\000l\000p\000a\000t\000h\000\040\000A\000t\000t\000r\000i\000b\000u\000t\000e\000s}{section.2}% 12
\BOOKMARK [3][-]{subsubsection.2.4.1}{\376\377\000S\000e\000l\000e\000c\000t\000i\000n\000g\000\040\000a\000\040\000T\000o\000o\000l}{subsection.2.4}% 13
\BOOKMARK [3][-]{subsubsection.2.4.2}{\376\377\000F\000e\000e\000d\000\040\000R\000a\000t\000e}{subsection.2.4}% 14
\BOOKMARK [3][-]{subsubsection.2.4.3}{\376\377\000P\000l\000u\000n\000g\000e\000\040\000R\000a\000t\000e}{subsection.2.4}% 15
\BOOKMARK [3][-]{subsubsection.2.4.4}{\376\377\000S\000p\000i\000n\000d\000l\000e\000\040\000R\000P\000M}{subsection.2.4}% 16
\BOOKMARK [2][-]{subsection.2.5}{\376\377\000M\000o\000d\000i\000f\000y\000i\000n\000g\000\040\000A\000c\000r\000y\000l\000l\000i\000c\000\040\000T\000o\000o\000l\000p\000a\000t\000h\000\040\000A\000t\000t\000r\000i\000b\000u\000t\000e\000s}{section.2}% 17
\BOOKMARK [3][-]{subsubsection.2.5.1}{\376\377\000S\000e\000l\000e\000c\000t\000i\000n\000g\000\040\000a\000\040\000T\000o\000o\000l}{subsection.2.5}% 18
\BOOKMARK [3][-]{subsubsection.2.5.2}{\376\377\000F\000e\000e\000d\000\040\000R\000a\000t\000e}{subsection.2.5}% 19
\BOOKMARK [3][-]{subsubsection.2.5.3}{\376\377\000P\000l\000u\000n\000g\000e\000\040\000R\000a\000t\000e}{subsection.2.5}% 20
\BOOKMARK [3][-]{subsubsection.2.5.4}{\376\377\000S\000p\000i\000n\000d\000l\000e\000\040\000R\000P\000M}{subsection.2.5}% 21
\BOOKMARK [1][-]{section.3}{\376\377\000S\000e\000c\000u\000r\000i\000n\000g\000\040\000t\000h\000e\000\040\000P\000a\000r\000t\000\040\000t\000o\000\040\000t\000h\000e\000\040\000C\000u\000t\000t\000i\000n\000g\000\040\000B\000o\000a\000r\000d}{}% 22
\BOOKMARK [1][-]{section.4}{\376\377\000S\000e\000c\000u\000r\000i\000n\000g\000\040\000t\000h\000e\000\040\000P\000a\000r\000t\000\040\000U\000s\000i\000n\000g\000\040\000T\000a\000p\000e}{}% 23
\BOOKMARK [1][-]{section.5}{\376\377\000S\000e\000c\000u\000r\000i\000n\000g\000\040\000t\000h\000e\000\040\000P\000a\000r\000t\000\040\000U\000s\000i\000n\000g\000\040\000G\000l\000u\000e}{}% 24
